<?xml version="1.0" encoding="UTF-8"?>
<testsuite xmlns:xsi="http://www.w3.org/2001/XMLSchema-instance" xsi:noNamespaceSchemaLocation="https://maven.apache.org/surefire/maven-surefire-plugin/xsd/surefire-test-report.xsd" version="3.0.1" name="CucumberTest.FirstProject.TestNGTestRunner" time="54.897" tests="1" errors="0" skipped="0" failures="0">
  <properties>
[...]
</properties>
  <testcase name="runScenario[&quot;In home page search item and increase quanity to 3 and addit to card and verify same in checkout page and check apply and proceed button is appearing&quot;, &quot;Add product to card&quot;](1)" classname="CucumberTest.FirstProject.TestNGTestRunner" time="52.894">
    <system-out><![CDATA[
@PlaceOrder
Scenario: In home page search item and increase quanity to 3 and addit to card and verify same in checkout page and check apply and proceed button is appearing # src/test/java/features/ProductAddToCart.feature:15
  Given user is on home page                                                                                                                                    # stepDefiniation.LandingPagStepDefiniation.user_is_on_home_page()
Tomato
  When user type short product name in search feild tom and exact the search result                                                                             # stepDefiniation.LandingPagStepDefiniation.user_type_short_product_name_in_search_feild_and_exact_the_search_result(java.lang.String)
  And Increase quanity to 3 by click on + and click on add to cart button                                                                                       # stepDefiniation.LandingPagStepDefiniation.increase_quanity_to_by_click_on_and_click_on_add_to_cart_button(java.lang.Integer)
  And click on cart and click on proceed to checkout                                                                                                            # stepDefiniation.LandingPagStepDefiniation.click_on_cart_and_click_on_proceed_to_checkout()
Tomato
  Then verify same item tom is available in cart page                                                                                                           # stepDefiniation.CartPageStepDefiniation.verify_same_item_is_available_in_cart_page(java.lang.String)
  And check Apply and proceed button in cart page                                                                                                               # stepDefiniation.CartPageStepDefiniation.check_apply_and_proceed_button_in_cart_page()
]]></system-out>
    <system-err><![CDATA[SLF4J: Failed to load class "org.slf4j.impl.StaticLoggerBinder".
SLF4J: Defaulting to no-operation (NOP) logger implementation
SLF4J: See http://www.slf4j.org/codes.html#StaticLoggerBinder for further details.
]]></system-err>
  </testcase>
</testsuite>