<?xml version="1.0" encoding="UTF-8"?>
<testng-results ignored="0" total="1" passed="1" failed="0" skipped="0">
  <reporter-output>
  </reporter-output>
  <suite started-at="2024-09-22T20:36:12 IST" name="Surefire suite" finished-at="2024-09-22T20:37:06 IST" duration-ms="54165">
    <groups>
      <group name="cucumber">
        <method signature="AbstractTestNGCucumberTests.runScenario(io.cucumber.testng.PickleWrapper,io.cucumber.testng.FeatureWrapper)[pri:0, instance:CucumberTest.FirstProject.TestNGTestRunner@4386f16]" name="runScenario" class="io.cucumber.testng.AbstractTestNGCucumberTests"/>
      </group> <!-- cucumber -->
    </groups>
    <test started-at="2024-09-22T20:36:12 IST" name="Surefire test" finished-at="2024-09-22T20:37:06 IST" duration-ms="54165">
      <class name="CucumberTest.FirstProject.TestNGTestRunner">
        <test-method is-config="true" signature="setUpClass(org.testng.ITestContext)[pri:0, instance:CucumberTest.FirstProject.TestNGTestRunner@4386f16]" started-at="2024-09-22T20:36:12 IST" name="setUpClass" finished-at="2024-09-22T20:36:13 IST" duration-ms="859" status="PASS">
          <params>
            <param index="0">
              <value>
                <![CDATA[org.testng.TestRunner@3c7cfcbb]]>
              </value>
            </param>
          </params>
          <reporter-output>
          </reporter-output>
        </test-method> <!-- setUpClass -->
        <test-method signature="runScenario(io.cucumber.testng.PickleWrapper,io.cucumber.testng.FeatureWrapper)[pri:0, instance:CucumberTest.FirstProject.TestNGTestRunner@4386f16]" started-at="2024-09-22T20:36:13 IST" name="runScenario" description="Runs Cucumber Scenarios" data-provider="scenarios" finished-at="2024-09-22T20:37:06 IST" duration-ms="52893" status="PASS">
          <params>
            <param index="0">
              <value>
                <![CDATA["In home page search item and increase quanity to 3 and addit to card and verify same in checkout page and check apply and proceed button is appearing"]]>
              </value>
            </param>
            <param index="1">
              <value>
                <![CDATA["Add product to card"]]>
              </value>
            </param>
          </params>
          <reporter-output>
          </reporter-output>
        </test-method> <!-- runScenario -->
        <test-method is-config="true" signature="tearDownClass()[pri:0, instance:CucumberTest.FirstProject.TestNGTestRunner@4386f16]" started-at="2024-09-22T20:37:06 IST" name="tearDownClass" finished-at="2024-09-22T20:37:06 IST" duration-ms="363" status="PASS">
          <reporter-output>
          </reporter-output>
        </test-method> <!-- tearDownClass -->
      </class> <!-- CucumberTest.FirstProject.TestNGTestRunner -->
    </test> <!-- Surefire test -->
  </suite> <!-- Surefire suite -->
</testng-results>
